<?xml version="1.0" encoding="UTF-8"?>
<!-- Generated by org.testng.reporters.JUnitReportReporter -->
<testsuite hostname="KristiansPC" name="CreateUserTest" tests="1" failures="0" timestamp="21 Nov 2016 16:07:44 GMT" time="0.004" errors="0">
  <testcase name="aFastTest" time="0.004" classname="CreateUserTest"/>
</testsuite> <!-- CreateUserTest -->
